C:\USERS\ANGELEYES\DOCUMENTS\VISUAL STUDIO 2012\PROJECTS\OGL-4-0 - SHADOWMAPS\OGLFOURPOINTO\RELEASE\WORLD.OBJ
C:\USERS\ANGELEYES\DOCUMENTS\VISUAL STUDIO 2012\PROJECTS\OGL-4-0 - SHADOWMAPS\OGLFOURPOINTO\RELEASE\UTILS.OBJ
C:\USERS\ANGELEYES\DOCUMENTS\VISUAL STUDIO 2012\PROJECTS\OGL-4-0 - SHADOWMAPS\OGLFOURPOINTO\RELEASE\STRING_EXTRA.OBJ
C:\USERS\ANGELEYES\DOCUMENTS\VISUAL STUDIO 2012\PROJECTS\OGL-4-0 - SHADOWMAPS\OGLFOURPOINTO\RELEASE\OBJLOADER.OBJ
C:\USERS\ANGELEYES\DOCUMENTS\VISUAL STUDIO 2012\PROJECTS\OGL-4-0 - SHADOWMAPS\OGLFOURPOINTO\RELEASE\OBJ_PARSER.OBJ
C:\USERS\ANGELEYES\DOCUMENTS\VISUAL STUDIO 2012\PROJECTS\OGL-4-0 - SHADOWMAPS\OGLFOURPOINTO\RELEASE\MAIN.OBJ
C:\USERS\ANGELEYES\DOCUMENTS\VISUAL STUDIO 2012\PROJECTS\OGL-4-0 - SHADOWMAPS\OGLFOURPOINTO\RELEASE\LIST.OBJ
C:\USERS\ANGELEYES\DOCUMENTS\VISUAL STUDIO 2012\PROJECTS\OGL-4-0 - SHADOWMAPS\OGLFOURPOINTO\RELEASE\GRID.OBJ
C:\USERS\ANGELEYES\DOCUMENTS\VISUAL STUDIO 2012\PROJECTS\OGL-4-0 - SHADOWMAPS\OGLFOURPOINTO\RELEASE\CURRENTSTATE.OBJ
C:\USERS\ANGELEYES\DOCUMENTS\VISUAL STUDIO 2012\PROJECTS\OGL-4-0 - SHADOWMAPS\OGLFOURPOINTO\RELEASE\CUBE.OBJ
C:\USERS\ANGELEYES\DOCUMENTS\VISUAL STUDIO 2012\PROJECTS\OGL-4-0 - SHADOWMAPS\OGLFOURPOINTO\RELEASE\BODY.OBJ
C:\USERS\ANGELEYES\DOCUMENTS\VISUAL STUDIO 2012\PROJECTS\OGL-4-0 - SHADOWMAPS\OGLFOURPOINTO\RELEASE\VC110.PDB
C:\USERS\ANGELEYES\DOCUMENTS\VISUAL STUDIO 2012\PROJECTS\OGL-4-0 - SHADOWMAPS\RELEASE\OGLFOURPOINTO.EXE
C:\USERS\ANGELEYES\DOCUMENTS\VISUAL STUDIO 2012\PROJECTS\OGL-4-0 - SHADOWMAPS\RELEASE\OGLFOURPOINTO.PDB
C:\Users\Angeleyes\Documents\Visual Studio 2012\Projects\ogl-4-0 - ShadowMaps\OGLFourPointo\Release\Body.obj
C:\Users\Angeleyes\Documents\Visual Studio 2012\Projects\ogl-4-0 - ShadowMaps\OGLFourPointo\Release\Cube.obj
C:\Users\Angeleyes\Documents\Visual Studio 2012\Projects\ogl-4-0 - ShadowMaps\OGLFourPointo\Release\CurrentState.obj
C:\Users\Angeleyes\Documents\Visual Studio 2012\Projects\ogl-4-0 - ShadowMaps\OGLFourPointo\Release\Grid.obj
C:\Users\Angeleyes\Documents\Visual Studio 2012\Projects\ogl-4-0 - ShadowMaps\OGLFourPointo\Release\list.obj
C:\Users\Angeleyes\Documents\Visual Studio 2012\Projects\ogl-4-0 - ShadowMaps\OGLFourPointo\Release\main.obj
C:\Users\Angeleyes\Documents\Visual Studio 2012\Projects\ogl-4-0 - ShadowMaps\OGLFourPointo\Release\objLoader.obj
C:\Users\Angeleyes\Documents\Visual Studio 2012\Projects\ogl-4-0 - ShadowMaps\OGLFourPointo\Release\obj_parser.obj
C:\Users\Angeleyes\Documents\Visual Studio 2012\Projects\ogl-4-0 - ShadowMaps\OGLFourPointo\Release\string_extra.obj
C:\Users\Angeleyes\Documents\Visual Studio 2012\Projects\ogl-4-0 - ShadowMaps\OGLFourPointo\Release\Utils.obj
C:\Users\Angeleyes\Documents\Visual Studio 2012\Projects\ogl-4-0 - ShadowMaps\OGLFourPointo\Release\World.obj
C:\Users\Angeleyes\Documents\Visual Studio 2012\Projects\ogl-4-0 - ShadowMaps\OGLFourPointo\Release\cl.command.1.tlog
C:\Users\Angeleyes\Documents\Visual Studio 2012\Projects\ogl-4-0 - ShadowMaps\OGLFourPointo\Release\CL.read.1.tlog
C:\Users\Angeleyes\Documents\Visual Studio 2012\Projects\ogl-4-0 - ShadowMaps\OGLFourPointo\Release\CL.write.1.tlog
C:\Users\Angeleyes\Documents\Visual Studio 2012\Projects\ogl-4-0 - ShadowMaps\OGLFourPointo\Release\link-cvtres.read.1.tlog
C:\Users\Angeleyes\Documents\Visual Studio 2012\Projects\ogl-4-0 - ShadowMaps\OGLFourPointo\Release\link-cvtres.write.1.tlog
C:\Users\Angeleyes\Documents\Visual Studio 2012\Projects\ogl-4-0 - ShadowMaps\OGLFourPointo\Release\link-rc.read.1.tlog
C:\Users\Angeleyes\Documents\Visual Studio 2012\Projects\ogl-4-0 - ShadowMaps\OGLFourPointo\Release\link-rc.write.1.tlog
C:\Users\Angeleyes\Documents\Visual Studio 2012\Projects\ogl-4-0 - ShadowMaps\OGLFourPointo\Release\link.command.1.tlog
C:\Users\Angeleyes\Documents\Visual Studio 2012\Projects\ogl-4-0 - ShadowMaps\OGLFourPointo\Release\link.read.1.tlog
C:\Users\Angeleyes\Documents\Visual Studio 2012\Projects\ogl-4-0 - ShadowMaps\OGLFourPointo\Release\link.write.1.tlog
C:\Users\Angeleyes\Documents\Visual Studio 2012\Projects\ogl-4-0 - ShadowMaps\OGLFourPointo\Release\vc110.pdb
C:\Users\Angeleyes\Documents\Visual Studio 2012\Projects\ogl-4-0 - ShadowMaps\Release\OGLFourPointo.pdb
C:\Users\Angeleyes\Documents\Visual Studio 2012\Projects\ogl-4-0 - ShadowMaps\Release\OGLFourPointo.exe
